<?xml version="1.0" encoding="UTF-8"?>
<!-- Generated by org.testng.reporters.JUnitReportReporter -->
<testsuite name="example.NewTest" tests="1" time="37.574" ignored="0" failures="0" timestamp="25 Jul 2017 10:52:09 GMT" skipped="0" hostname="MSTSYS0088" errors="0">
  <testcase name="testEasy" time="37.574" classname="example.NewTest"/>
</testsuite> <!-- example.NewTest -->
