<?xml version="1.0" encoding="UTF-8"?>
<!-- Generated by org.testng.reporters.JUnitReportReporter -->
<testsuite name="example.NewTest" tests="1" time="22.600" ignored="0" failures="0" timestamp="06 Mar 2017 12:00:22 GMT" skipped="0" hostname="Titesnew" errors="0">
  <testcase name="testEasy" time="22.600" classname="example.NewTest"/>
</testsuite> <!-- example.NewTest -->
