<?xml version="1.0" encoding="UTF-8"?>
<!-- Generated by org.testng.reporters.JUnitReportReporter -->
<testsuite name="example.NewTest" tests="1" time="22.522" ignored="0" failures="0" timestamp="07 Mar 2017 05:10:31 GMT" skipped="0" hostname="Titesnew" errors="0">
  <testcase name="testEasy" time="22.522" classname="example.NewTest"/>
</testsuite> <!-- example.NewTest -->
